<?xml version="1.0" encoding="UTF-8"?>
<!-- Generated by org.testng.reporters.JUnitReportReporter -->
<testsuite hostname="Hp" failures="0" tests="2" name="com.service.TestNGHook" time="0.004" errors="0" timestamp="2024-02-06T14:51:47 IST" skipped="0">
  <testcase classname="com.service.TestNGHook" name="test1" time="0.003"/>
  <system-out/>
  <testcase classname="com.service.TestNGHook" name="test2" time="0.001"/>
  <system-out/>
</testsuite> <!-- com.service.TestNGHook -->
