<?xml version="1.0" encoding="UTF-8"?>
<!-- Generated by org.testng.reporters.JUnitReportReporter -->
<testsuite hostname="Hp" failures="0" tests="1" name="com.service.LoginServiceTest" time="0.016" errors="0" timestamp="2024-02-06T16:17:03 IST" skipped="0">
  <testcase classname="com.service.LoginServiceTest" name="signUpTest" time="0.016"/>
  <system-out/>
</testsuite> <!-- com.service.LoginServiceTest -->
