<?xml version="1.0" encoding="UTF-8"?>
<!-- Generated by org.testng.reporters.JUnitReportReporter -->
<testsuite hostname="Hp" failures="0" tests="4" name="com.service.LoginServiceTest" time="0.005" errors="0" timestamp="2024-02-06T14:51:47 IST" skipped="0">
  <testcase classname="com.service.LoginServiceTest" name="signInTest" time="0.000"/>
  <system-out/>
  <testcase classname="com.service.LoginServiceTest" name="signUpTest" time="0.001"/>
  <system-out/>
  <testcase classname="com.service.LoginServiceTest" name="signUpTest" time="0.001"/>
  <system-out/>
  <testcase classname="com.service.LoginServiceTest" name="signInTest" time="0.003"/>
  <system-out/>
</testsuite> <!-- com.service.LoginServiceTest -->
