<?xml version="1.0" encoding="UTF-8"?>
<!-- Generated by org.testng.reporters.JUnitReportReporter -->
<testsuite hostname="Hp" failures="0" tests="2" name="com.service.LoginServiceTest" time="0.009" errors="0" timestamp="2024-02-06T14:25:10 IST" skipped="0">
  <testcase classname="com.service.LoginServiceTest" name="signUpTest" time="0.001"/>
  <system-out/>
  <testcase classname="com.service.LoginServiceTest" name="signInTest" time="0.008"/>
  <system-out/>
</testsuite> <!-- com.service.LoginServiceTest -->
