<?xml version="1.0" encoding="UTF-8"?>
<!-- Generated by org.testng.reporters.JUnitReportReporter -->
<testsuite hostname="Hp" failures="0" tests="1" name="com.service.BusTest" time="0.002" errors="0" timestamp="2024-02-06T15:35:54 IST" skipped="0">
  <testcase classname="com.service.BusTest" name="speedTest" time="0.002"/>
  <system-out/>
</testsuite> <!-- com.service.BusTest -->
