<?xml version="1.0" encoding="UTF-8"?>
<!-- Generated by org.testng.reporters.JUnitReportReporter -->
<testsuite hostname="Hp" failures="0" tests="1" name="com.service.OperationServiceTest" time="0.008" errors="0" timestamp="2024-02-05T17:42:18 IST" skipped="0">
  <testcase classname="com.service.OperationServiceTest" name="addTest" time="0.008"/>
  <system-out/>
</testsuite> <!-- com.service.OperationServiceTest -->
