<?xml version="1.0" encoding="UTF-8"?>
<!-- Generated by org.testng.reporters.JUnitReportReporter -->
<testsuite hostname="Hp" failures="0" tests="2" name="com.service.CarTest" time="0.002" errors="0" timestamp="2024-02-06T15:35:54 IST" skipped="0">
  <testcase classname="com.service.CarTest" name="speedTest" time="0.001"/>
  <system-out/>
  <testcase classname="com.service.CarTest" name="mailageTest" time="0.001"/>
  <system-out/>
</testsuite> <!-- com.service.CarTest -->
