<?xml version="1.0" encoding="UTF-8"?>
<!-- Generated by org.testng.reporters.JUnitReportReporter -->
<testsuite hostname="Hp" failures="0" tests="1" name="com.service.OperationServiceTest" time="0.002" errors="0" timestamp="2024-02-06T16:17:03 IST" skipped="0">
  <testcase classname="com.service.OperationServiceTest" name="subTest" time="0.002"/>
  <system-out/>
</testsuite> <!-- com.service.OperationServiceTest -->
