<?xml version="1.0" encoding="UTF-8"?>
<!-- Generated by org.testng.reporters.JUnitReportReporter -->
<testsuite hostname="Hp" failures="0" tests="4" name="com.service.TestPriority" time="0.008" errors="0" timestamp="2024-02-06T15:19:12 IST" skipped="0">
  <testcase classname="com.service.TestPriority" name="bb" time="0.000"/>
  <system-out/>
  <testcase classname="com.service.TestPriority" name="ba" time="0.006"/>
  <system-out/>
  <testcase classname="com.service.TestPriority" name="a" time="0.001"/>
  <system-out/>
  <testcase classname="com.service.TestPriority" name="d" time="0.001"/>
  <system-out/>
</testsuite> <!-- com.service.TestPriority -->
