<?xml version="1.0" encoding="UTF-8"?>
<!-- Generated by org.testng.reporters.JUnitReportReporter -->
<testsuite hostname="Hp" failures="0" tests="2" name="com.login.LoginSpringMVCTesting" time="7.001" errors="0" timestamp="2024-02-08T15:20:56 IST" skipped="0">
  <testcase classname="com.login.LoginSpringMVCTesting" name="InValidEmailIdAndPasswordTest" time="3.160"/>
  <system-out/>
  <testcase classname="com.login.LoginSpringMVCTesting" name="ValidEmailIdAndPasswordTest" time="3.841"/>
  <system-out/>
</testsuite> <!-- com.login.LoginSpringMVCTesting -->
