<?xml version="1.0" encoding="UTF-8"?>
<!-- Generated by org.testng.reporters.JUnitReportReporter -->
<testsuite hostname="Hp" failures="0" tests="4" name="com.login.LoginTesting" time="12.113" errors="0" timestamp="2024-02-08T14:34:53 IST" skipped="0">
  <testcase classname="com.login.LoginTesting" name="emailIdRequiredTest" time="2.487"/>
  <system-out/>
  <testcase classname="com.login.LoginTesting" name="passwordRequiredTest" time="3.590"/>
  <system-out/>
  <testcase classname="com.login.LoginTesting" name="InValidEmailIdAndPasswordTest" time="3.074"/>
  <system-out/>
  <testcase classname="com.login.LoginTesting" name="IValidEmailIdAndPasswordTest" time="2.962"/>
  <system-out/>
</testsuite> <!-- com.login.LoginTesting -->
